1537389400420	mozrunner::runner	INFO	Running command: "/usr/bin/firefox" "-marionette" "-foreground" "-no-remote" "-profile" "/tmp/rust_mozprofile.IGAnXBmGWYSz"
1537389404970	Marionette	INFO	Listening on port 42772
1537389405049	Marionette	WARN	TLS certificate errors will be ignored for this session
*** UTM:SVC TimerManager:registerTimer called after profile-before-change notification. Ignoring timer registration for id: telemetry_modules_ping
1537389453021	mozrunner::runner	INFO	Running command: "/usr/bin/firefox" "-marionette" "-foreground" "-no-remote" "-profile" "/tmp/rust_mozprofile.AUo593gC3TiU"
1537389456308	Marionette	INFO	Listening on port 40818
1537389456344	Marionette	WARN	TLS certificate errors will be ignored for this session
JavaScript error: resource://gre/modules/Sqlite.jsm, line 826: Error: Connection is not open.
*** UTM:SVC TimerManager:registerTimer called after profile-before-change notification. Ignoring timer registration for id: telemetry_modules_ping
1537389548826	mozrunner::runner	INFO	Running command: "/usr/bin/firefox" "-marionette" "-foreground" "-no-remote" "-profile" "/tmp/rust_mozprofile.GCK8urcTE9nJ"
1537389551990	Marionette	INFO	Listening on port 46320
1537389552045	Marionette	WARN	TLS certificate errors will be ignored for this session
JavaScript error: resource://gre/modules/Sqlite.jsm, line 826: Error: Connection is not open.
*** UTM:SVC TimerManager:registerTimer called after profile-before-change notification. Ignoring timer registration for id: telemetry_modules_ping
1537389684518	mozrunner::runner	INFO	Running command: "/usr/bin/firefox" "-marionette" "-foreground" "-no-remote" "-profile" "/tmp/rust_mozprofile.VhCsKhNXPpoB"
1537389687688	Marionette	INFO	Listening on port 33270
1537389687740	Marionette	WARN	TLS certificate errors will be ignored for this session
*** UTM:SVC TimerManager:registerTimer called after profile-before-change notification. Ignoring timer registration for id: telemetry_modules_ping
1537389718448	mozrunner::runner	INFO	Running command: "/usr/bin/firefox" "-marionette" "-foreground" "-no-remote" "-profile" "/tmp/rust_mozprofile.RIvgmLJvJ3io"
1537389721542	Marionette	INFO	Listening on port 37865
1537389721568	Marionette	WARN	TLS certificate errors will be ignored for this session
*** UTM:SVC TimerManager:registerTimer called after profile-before-change notification. Ignoring timer registration for id: telemetry_modules_ping
1537390007212	mozrunner::runner	INFO	Running command: "/usr/bin/firefox" "-marionette" "-foreground" "-no-remote" "-profile" "/tmp/rust_mozprofile.uVJ3AOQ7NyFY"
1537390010495	Marionette	INFO	Listening on port 38375
1537390010533	Marionette	WARN	TLS certificate errors will be ignored for this session
JavaScript error: resource://gre/modules/Sqlite.jsm, line 826: Error: Connection is not open.
*** UTM:SVC TimerManager:registerTimer called after profile-before-change notification. Ignoring timer registration for id: telemetry_modules_ping
1537390018446	mozrunner::runner	INFO	Running command: "/usr/bin/firefox" "-marionette" "-foreground" "-no-remote" "-profile" "/tmp/rust_mozprofile.osDAREMWFXCZ"
1537390021608	Marionette	INFO	Listening on port 46217
1537390021669	Marionette	WARN	TLS certificate errors will be ignored for this session
JavaScript error: resource://gre/modules/Sqlite.jsm, line 826: Error: Connection is not open.
*** UTM:SVC TimerManager:registerTimer called after profile-before-change notification. Ignoring timer registration for id: telemetry_modules_ping
1537390066064	mozrunner::runner	INFO	Running command: "/usr/bin/firefox" "-marionette" "-foreground" "-no-remote" "-profile" "/tmp/rust_mozprofile.GfiiXNt2Fxcb"
1537390069214	Marionette	INFO	Listening on port 44820
1537390069284	Marionette	WARN	TLS certificate errors will be ignored for this session
*** UTM:SVC TimerManager:registerTimer called after profile-before-change notification. Ignoring timer registration for id: telemetry_modules_ping
1537390333717	mozrunner::runner	INFO	Running command: "/usr/bin/firefox" "-marionette" "-foreground" "-no-remote" "-profile" "/tmp/rust_mozprofile.9zRGQQrMcVdX"
1537390336807	Marionette	INFO	Listening on port 34459
1537390336832	Marionette	WARN	TLS certificate errors will be ignored for this session
*** UTM:SVC TimerManager:registerTimer called after profile-before-change notification. Ignoring timer registration for id: telemetry_modules_ping
1537390987129	mozrunner::runner	INFO	Running command: "/usr/bin/firefox" "-marionette" "-foreground" "-no-remote" "-profile" "/tmp/rust_mozprofile.IuFtpYGnAzZs"
1537390990081	Marionette	INFO	Listening on port 40407
1537390990143	Marionette	WARN	TLS certificate errors will be ignored for this session
*** UTM:SVC TimerManager:registerTimer called after profile-before-change notification. Ignoring timer registration for id: telemetry_modules_ping
1537391008658	mozrunner::runner	INFO	Running command: "/usr/bin/firefox" "-marionette" "-foreground" "-no-remote" "-profile" "/tmp/rust_mozprofile.QXYyqxr6ydL9"
1537391011686	Marionette	INFO	Listening on port 40904
1537391011781	Marionette	WARN	TLS certificate errors will be ignored for this session
*** UTM:SVC TimerManager:registerTimer called after profile-before-change notification. Ignoring timer registration for id: telemetry_modules_ping
1537391021834	mozrunner::runner	INFO	Running command: "/usr/bin/firefox" "-marionette" "-foreground" "-no-remote" "-profile" "/tmp/rust_mozprofile.yp0WC3TDBnqa"
1537391025161	Marionette	INFO	Listening on port 35583
1537391025248	Marionette	WARN	TLS certificate errors will be ignored for this session
*** UTM:SVC TimerManager:registerTimer called after profile-before-change notification. Ignoring timer registration for id: telemetry_modules_ping
